Build started 2013-04-30 14:14:31.
     1>Project "C:\Users\emrik\Documents\GitHub\GameProject\Source\GameProject\GameProject.vcxproj" on node 2 (build target(s)).
     1>InitializeBuildStatus:
         Touching "C:\Users\emrik\Documents\GitHub\GameProject\Source\..\Temp\GameProjectWin32Debug\GameProject.unsuccessfulbuild".
       CustomBuild:
         All outputs are up-to-date.
       ClCompile:
         All outputs are up-to-date.
       ManifestResourceCompile:
         All outputs are up-to-date.
       Link:
         C:\Program Files (x86)\Microsoft Visual Studio 10.0\VC\bin\link.exe /ERRORREPORT:PROMPT /OUT:"C:\Users\emrik\Documents\GitHub\GameProject\Source\..\Game\Win32Debug\GameProjectWin32Debug.exe" /INCREMENTAL /NOLOGO /LIBPATH:boost_1_51\lib d3d11.lib d3dx11.lib dxerr.lib Effects11d_2010.lib D3DCompiler.lib dxgi.lib dxguid.lib assimpd.lib kernel32.lib user32.lib gdi32.lib winspool.lib comdlg32.lib advapi32.lib shell32.lib ole32.lib oleaut32.lib uuid.lib odbc32.lib odbccp32.lib /MANIFEST /ManifestFile:"C:\Users\emrik\Documents\GitHub\GameProject\Source\..\Temp\GameProjectWin32Debug\GameProjectWin32Debug.exe.intermediate.manifest" /MANIFESTUAC:"level='asInvoker' uiAccess='false'" /DEBUG /PDB:"C:\Users\emrik\Documents\GitHub\GameProject\Game\Win32Debug\GameProjectWin32Debug.pdb" /SUBSYSTEM:WINDOWS /TLBID:1 /DYNAMICBASE /NXCOMPAT /IMPLIB:"C:\Users\emrik\Documents\GitHub\GameProject\Source\..\Game\Win32Debug\GameProjectWin32Debug.lib" /MACHINE:X86 C:\Users\emrik\Documents\GitHub\GameProject\Source\..\Temp\GameProjectWin32Debug\GameProjectWin32Debug.exe.embed.manifest.res
         C:\Users\emrik\Documents\GitHub\GameProject\Source\..\Temp\GameProjectWin32Debug\Network.obj
         C:\Users\emrik\Documents\GitHub\GameProject\Source\..\Temp\GameProjectWin32Debug\Package.obj
         C:\Users\emrik\Documents\GitHub\GameProject\Source\..\Temp\GameProjectWin32Debug\Weapon.obj
         C:\Users\emrik\Documents\GitHub\GameProject\Source\..\Temp\GameProjectWin32Debug\AnimatedEntity.obj
         C:\Users\emrik\Documents\GitHub\GameProject\Source\..\Temp\GameProjectWin32Debug\CollisionModel.obj
         C:\Users\emrik\Documents\GitHub\GameProject\Source\..\Temp\GameProjectWin32Debug\Camera.obj
         C:\Users\emrik\Documents\GitHub\GameProject\Source\..\Temp\GameProjectWin32Debug\D3D11App.obj
         C:\Users\emrik\Documents\GitHub\GameProject\Source\..\Temp\GameProjectWin32Debug\d3dUtilities.obj
         C:\Users\emrik\Documents\GitHub\GameProject\Source\..\Temp\GameProjectWin32Debug\Direct3D.obj
         C:\Users\emrik\Documents\GitHub\GameProject\Source\..\Temp\GameProjectWin32Debug\DirectInput.obj
         C:\Users\emrik\Documents\GitHub\GameProject\Source\..\Temp\GameProjectWin32Debug\GameTimer.obj
         C:\Users\emrik\Documents\GitHub\GameProject\Source\..\Temp\GameProjectWin32Debug\GeometryGenerator.obj
         C:\Users\emrik\Documents\GitHub\GameProject\Source\..\Temp\GameProjectWin32Debug\Logger.obj
         C:\Users\emrik\Documents\GitHub\GameProject\Source\..\Temp\GameProjectWin32Debug\MathHelper.obj
         C:\Users\emrik\Documents\GitHub\GameProject\Source\..\Temp\GameProjectWin32Debug\TextureManager.obj
         C:\Users\emrik\Documents\GitHub\GameProject\Source\..\Temp\GameProjectWin32Debug\xnacollision.obj
         C:\Users\emrik\Documents\GitHub\GameProject\Source\..\Temp\GameProjectWin32Debug\Duck.obj
         C:\Users\emrik\Documents\GitHub\GameProject\Source\..\Temp\GameProjectWin32Debug\Entity.obj
         C:\Users\emrik\Documents\GitHub\GameProject\Source\..\Temp\GameProjectWin32Debug\FrustumCulling.obj
         C:\Users\emrik\Documents\GitHub\GameProject\Source\..\Temp\GameProjectWin32Debug\Game.obj
         C:\Users\emrik\Documents\GitHub\GameProject\Source\..\Temp\GameProjectWin32Debug\GenericHandler.obj
         C:\Users\emrik\Documents\GitHub\GameProject\Source\..\Temp\GameProjectWin32Debug\GenericSkinnedMesh.obj
         C:\Users\emrik\Documents\GitHub\GameProject\Source\..\Temp\GameProjectWin32Debug\GenericSkinnedModel.obj
         C:\Users\emrik\Documents\GitHub\GameProject\Source\..\Temp\GameProjectWin32Debug\main.obj
         C:\Users\emrik\Documents\GitHub\GameProject\Source\..\Temp\GameProjectWin32Debug\Effects.obj
         C:\Users\emrik\Documents\GitHub\GameProject\Source\..\Temp\GameProjectWin32Debug\GenericMesh.obj
         C:\Users\emrik\Documents\GitHub\GameProject\Source\..\Temp\GameProjectWin32Debug\GenericModel.obj
         C:\Users\emrik\Documents\GitHub\GameProject\Source\..\Temp\GameProjectWin32Debug\GenericObjectLoader.obj
         C:\Users\emrik\Documents\GitHub\GameProject\Source\..\Temp\GameProjectWin32Debug\ParticleSystem.obj
         C:\Users\emrik\Documents\GitHub\GameProject\Source\..\Temp\GameProjectWin32Debug\Platform.obj
         C:\Users\emrik\Documents\GitHub\GameProject\Source\..\Temp\GameProjectWin32Debug\Player.obj
         C:\Users\emrik\Documents\GitHub\GameProject\Source\..\Temp\GameProjectWin32Debug\Projectile.obj
         C:\Users\emrik\Documents\GitHub\GameProject\Source\..\Temp\GameProjectWin32Debug\Railgun.obj
         C:\Users\emrik\Documents\GitHub\GameProject\Source\..\Temp\GameProjectWin32Debug\RenderStates.obj
         C:\Users\emrik\Documents\GitHub\GameProject\Source\..\Temp\GameProjectWin32Debug\Settings.obj
         C:\Users\emrik\Documents\GitHub\GameProject\Source\..\Temp\GameProjectWin32Debug\ShadowMap.obj
         C:\Users\emrik\Documents\GitHub\GameProject\Source\..\Temp\GameProjectWin32Debug\SkinnedData.obj
         C:\Users\emrik\Documents\GitHub\GameProject\Source\..\Temp\GameProjectWin32Debug\Sky.obj
         C:\Users\emrik\Documents\GitHub\GameProject\Source\..\Temp\GameProjectWin32Debug\Vertex.obj
         C:\Users\emrik\Documents\GitHub\GameProject\Source\..\Temp\GameProjectWin32Debug\World.obj
       Manifest:
         C:\Program Files (x86)\Microsoft SDKs\Windows\v7.0A\bin\mt.exe /nologo /verbose /out:"C:\Users\emrik\Documents\GitHub\GameProject\Source\..\Temp\GameProjectWin32Debug\GameProjectWin32Debug.exe.embed.manifest" /manifest C:\Users\emrik\Documents\GitHub\GameProject\Source\..\Temp\GameProjectWin32Debug\GameProjectWin32Debug.exe.intermediate.manifest
         All outputs are up-to-date.
       LinkEmbedManifest:
         All outputs are up-to-date.
         GameProject.vcxproj -> C:\Users\emrik\Documents\GitHub\GameProject\Source\..\Game\Win32Debug\GameProjectWin32Debug.exe
       FinalizeBuildStatus:
         Deleting file "C:\Users\emrik\Documents\GitHub\GameProject\Source\..\Temp\GameProjectWin32Debug\GameProject.unsuccessfulbuild".
         Touching "C:\Users\emrik\Documents\GitHub\GameProject\Source\..\Temp\GameProjectWin32Debug\GameProject.lastbuildstate".
     1>Done Building Project "C:\Users\emrik\Documents\GitHub\GameProject\Source\GameProject\GameProject.vcxproj" (build target(s)).

Build succeeded.

Time Elapsed 00:00:01.16
